2023-06-13 10:03:45.946 INFO  [main]o.s.boot.test.context.SpringBootTestContextBootstrapper.buildDefaultMergedContextConfiguration:305 -Neither @ContextConfiguration nor @ContextHierarchy found for test class [com.aks.cateringinfosys.CateringInfoSysApplicationTests], using SpringBootContextLoader
2023-06-13 10:03:45.952 INFO  [main]o.s.test.context.support.AbstractContextLoader.generateDefaultLocations:264 -Could not detect default resource locations for test class [com.aks.cateringinfosys.CateringInfoSysApplicationTests]: no resource found for suffixes {-context.xml, Context.groovy}.
2023-06-13 10:03:45.954 INFO  [main]o.s.t.context.support.AnnotationConfigContextLoaderUtils.detectDefaultConfigurationClasses:83 -Could not detect default configuration classes for test class [com.aks.cateringinfosys.CateringInfoSysApplicationTests]: CateringInfoSysApplicationTests does not declare any static, non-private, non-final, nested classes annotated with @Configuration.
2023-06-13 10:03:46.045 INFO  [main]o.s.boot.test.context.SpringBootTestContextBootstrapper.getOrFindConfigurationClasses:238 -Found @SpringBootConfiguration com.aks.cateringinfosys.CateringInfoSysApplication for test class com.aks.cateringinfosys.CateringInfoSysApplicationTests
2023-06-13 10:03:46.136 INFO  [main]o.s.boot.test.context.SpringBootTestContextBootstrapper.getDefaultTestExecutionListenerClassNames:245 -Loaded default TestExecutionListener class names from location [META-INF/spring.factories]: [org.springframework.boot.test.mock.mockito.MockitoTestExecutionListener, org.springframework.boot.test.mock.mockito.ResetMocksTestExecutionListener, org.springframework.boot.test.autoconfigure.restdocs.RestDocsTestExecutionListener, org.springframework.boot.test.autoconfigure.web.client.MockRestServiceServerResetTestExecutionListener, org.springframework.boot.test.autoconfigure.web.servlet.MockMvcPrintOnlyOnFailureTestExecutionListener, org.springframework.boot.test.autoconfigure.web.servlet.WebDriverTestExecutionListener, org.springframework.boot.test.autoconfigure.webservices.client.MockWebServiceServerTestExecutionListener, org.springframework.test.context.web.ServletTestExecutionListener, org.springframework.test.context.support.DirtiesContextBeforeModesTestExecutionListener, org.springframework.test.context.event.ApplicationEventsTestExecutionListener, org.springframework.test.context.support.DependencyInjectionTestExecutionListener, org.springframework.test.context.support.DirtiesContextTestExecutionListener, org.springframework.test.context.transaction.TransactionalTestExecutionListener, org.springframework.test.context.jdbc.SqlScriptsTestExecutionListener, org.springframework.test.context.event.EventPublishingTestExecutionListener]
2023-06-13 10:03:46.157 INFO  [main]o.s.boot.test.context.SpringBootTestContextBootstrapper.getTestExecutionListeners:174 -Using TestExecutionListeners: [org.springframework.test.context.web.ServletTestExecutionListener@80368f88, org.springframework.test.context.support.DirtiesContextBeforeModesTestExecutionListener@d0106412, org.springframework.test.context.event.ApplicationEventsTestExecutionListener@e6d5aab6, org.springframework.boot.test.mock.mockito.MockitoTestExecutionListener@5e20b515, org.springframework.boot.test.autoconfigure.SpringBootDependencyInjectionTestExecutionListener@4d9c4306, org.springframework.test.context.support.DirtiesContextTestExecutionListener@d5800f7d, org.springframework.test.context.transaction.TransactionalTestExecutionListener@99952379, org.springframework.test.context.jdbc.SqlScriptsTestExecutionListener@22eb05ef, org.springframework.test.context.event.EventPublishingTestExecutionListener@777092ff, org.springframework.boot.test.mock.mockito.ResetMocksTestExecutionListener@86addc23, org.springframework.boot.test.autoconfigure.restdocs.RestDocsTestExecutionListener@c07d8c15, org.springframework.boot.test.autoconfigure.web.client.MockRestServiceServerResetTestExecutionListener@46bb5e15, org.springframework.boot.test.autoconfigure.web.servlet.MockMvcPrintOnlyOnFailureTestExecutionListener@399b0ed6, org.springframework.boot.test.autoconfigure.web.servlet.WebDriverTestExecutionListener@cf468aa1, org.springframework.boot.test.autoconfigure.webservices.client.MockWebServiceServerTestExecutionListener@e4717e8]
2023-06-13 10:03:46.569 INFO  [main]com.aks.cateringinfosys.CateringInfoSysApplicationTests.logStarting:55 -Starting CateringInfoSysApplicationTests using Java 1.8.0_282 on LAPTOP-VMKTV1BL with PID 7296 (started by an in D:\JavaProject\SpringBoot\CateringInfoSys)
2023-06-13 10:03:46.570 INFO  [main]com.aks.cateringinfosys.CateringInfoSysApplicationTests.logStartupProfileInfo:634 -No active profile set, falling back to 1 default profile: "default"
2023-06-13 10:03:48.417 INFO  [main]com.aks.cateringinfosys.CateringInfoSysApplicationTests.logStarted:61 -Started CateringInfoSysApplicationTests in 2.199 seconds (JVM running for 3.067)
2023-06-13 10:03:48.615 INFO  [main]com.zaxxer.hikari.HikariDataSource.getConnection:110 -HikariPool-1 - Starting...
2023-06-13 10:03:49.639 INFO  [main]com.zaxxer.hikari.HikariDataSource.getConnection:123 -HikariPool-1 - Start completed.
2023-06-13 10:03:50.069 INFO  [SpringApplicationShutdownHook]com.zaxxer.hikari.HikariDataSource.close:350 -HikariPool-1 - Shutdown initiated...
2023-06-13 10:03:50.267 INFO  [SpringApplicationShutdownHook]com.zaxxer.hikari.HikariDataSource.close:352 -HikariPool-1 - Shutdown completed.
2023-06-13 10:07:18.259 INFO  [main]o.s.boot.test.context.SpringBootTestContextBootstrapper.buildDefaultMergedContextConfiguration:305 -Neither @ContextConfiguration nor @ContextHierarchy found for test class [com.aks.cateringinfosys.CateringInfoSysApplicationTests], using SpringBootContextLoader
2023-06-13 10:07:18.266 INFO  [main]o.s.test.context.support.AbstractContextLoader.generateDefaultLocations:264 -Could not detect default resource locations for test class [com.aks.cateringinfosys.CateringInfoSysApplicationTests]: no resource found for suffixes {-context.xml, Context.groovy}.
2023-06-13 10:07:18.267 INFO  [main]o.s.t.context.support.AnnotationConfigContextLoaderUtils.detectDefaultConfigurationClasses:83 -Could not detect default configuration classes for test class [com.aks.cateringinfosys.CateringInfoSysApplicationTests]: CateringInfoSysApplicationTests does not declare any static, non-private, non-final, nested classes annotated with @Configuration.
2023-06-13 10:07:18.360 INFO  [main]o.s.boot.test.context.SpringBootTestContextBootstrapper.getOrFindConfigurationClasses:238 -Found @SpringBootConfiguration com.aks.cateringinfosys.CateringInfoSysApplication for test class com.aks.cateringinfosys.CateringInfoSysApplicationTests
2023-06-13 10:07:18.463 INFO  [main]o.s.boot.test.context.SpringBootTestContextBootstrapper.getDefaultTestExecutionListenerClassNames:245 -Loaded default TestExecutionListener class names from location [META-INF/spring.factories]: [org.springframework.boot.test.mock.mockito.MockitoTestExecutionListener, org.springframework.boot.test.mock.mockito.ResetMocksTestExecutionListener, org.springframework.boot.test.autoconfigure.restdocs.RestDocsTestExecutionListener, org.springframework.boot.test.autoconfigure.web.client.MockRestServiceServerResetTestExecutionListener, org.springframework.boot.test.autoconfigure.web.servlet.MockMvcPrintOnlyOnFailureTestExecutionListener, org.springframework.boot.test.autoconfigure.web.servlet.WebDriverTestExecutionListener, org.springframework.boot.test.autoconfigure.webservices.client.MockWebServiceServerTestExecutionListener, org.springframework.test.context.web.ServletTestExecutionListener, org.springframework.test.context.support.DirtiesContextBeforeModesTestExecutionListener, org.springframework.test.context.event.ApplicationEventsTestExecutionListener, org.springframework.test.context.support.DependencyInjectionTestExecutionListener, org.springframework.test.context.support.DirtiesContextTestExecutionListener, org.springframework.test.context.transaction.TransactionalTestExecutionListener, org.springframework.test.context.jdbc.SqlScriptsTestExecutionListener, org.springframework.test.context.event.EventPublishingTestExecutionListener]
2023-06-13 10:07:18.492 INFO  [main]o.s.boot.test.context.SpringBootTestContextBootstrapper.getTestExecutionListeners:174 -Using TestExecutionListeners: [org.springframework.test.context.web.ServletTestExecutionListener@8d07b2a6, org.springframework.test.context.support.DirtiesContextBeforeModesTestExecutionListener@c77ed243, org.springframework.test.context.event.ApplicationEventsTestExecutionListener@97c12802, org.springframework.boot.test.mock.mockito.MockitoTestExecutionListener@dcdfb775, org.springframework.boot.test.autoconfigure.SpringBootDependencyInjectionTestExecutionListener@1c34b87f, org.springframework.test.context.support.DirtiesContextTestExecutionListener@59c33c5a, org.springframework.test.context.transaction.TransactionalTestExecutionListener@50aa9166, org.springframework.test.context.jdbc.SqlScriptsTestExecutionListener@51bd21d9, org.springframework.test.context.event.EventPublishingTestExecutionListener@4aaeea83, org.springframework.boot.test.mock.mockito.ResetMocksTestExecutionListener@4cf48fe3, org.springframework.boot.test.autoconfigure.restdocs.RestDocsTestExecutionListener@ac7533d, org.springframework.boot.test.autoconfigure.web.client.MockRestServiceServerResetTestExecutionListener@7e3f5646, org.springframework.boot.test.autoconfigure.web.servlet.MockMvcPrintOnlyOnFailureTestExecutionListener@7143c070, org.springframework.boot.test.autoconfigure.web.servlet.WebDriverTestExecutionListener@94fa6ac1, org.springframework.boot.test.autoconfigure.webservices.client.MockWebServiceServerTestExecutionListener@399bfdbf]
2023-06-13 10:07:18.931 INFO  [main]com.aks.cateringinfosys.CateringInfoSysApplicationTests.logStarting:55 -Starting CateringInfoSysApplicationTests using Java 1.8.0_282 on LAPTOP-VMKTV1BL with PID 14768 (started by an in D:\JavaProject\SpringBoot\CateringInfoSys)
2023-06-13 10:07:18.933 INFO  [main]com.aks.cateringinfosys.CateringInfoSysApplicationTests.logStartupProfileInfo:634 -No active profile set, falling back to 1 default profile: "default"
2023-06-13 10:07:20.840 INFO  [main]com.aks.cateringinfosys.CateringInfoSysApplicationTests.logStarted:61 -Started CateringInfoSysApplicationTests in 2.279 seconds (JVM running for 3.184)
2023-06-13 10:07:21.034 INFO  [main]com.zaxxer.hikari.HikariDataSource.getConnection:110 -HikariPool-1 - Starting...
2023-06-13 10:07:22.159 INFO  [main]com.zaxxer.hikari.HikariDataSource.getConnection:123 -HikariPool-1 - Start completed.
2023-06-13 10:07:22.539 INFO  [SpringApplicationShutdownHook]com.zaxxer.hikari.HikariDataSource.close:350 -HikariPool-1 - Shutdown initiated...
2023-06-13 10:07:22.683 INFO  [SpringApplicationShutdownHook]com.zaxxer.hikari.HikariDataSource.close:352 -HikariPool-1 - Shutdown completed.
2023-06-13 10:08:02.194 INFO  [main]com.aks.cateringinfosys.CateringInfoSysApplication.logStarting:55 -Starting CateringInfoSysApplication using Java 1.8.0_282 on LAPTOP-VMKTV1BL with PID 8128 (D:\JavaProject\SpringBoot\CateringInfoSys\target\classes started by an in D:\JavaProject\SpringBoot\CateringInfoSys)
2023-06-13 10:08:02.200 INFO  [main]com.aks.cateringinfosys.CateringInfoSysApplication.logStartupProfileInfo:634 -No active profile set, falling back to 1 default profile: "default"
2023-06-13 10:08:03.337 INFO  [main]o.s.boot.web.embedded.tomcat.TomcatWebServer.initialize:108 -Tomcat initialized with port(s): 8082 (http)
2023-06-13 10:08:03.343 INFO  [main]org.apache.coyote.http11.Http11NioProtocol.log:173 -Initializing ProtocolHandler ["http-nio-8082"]
2023-06-13 10:08:03.344 INFO  [main]org.apache.catalina.core.StandardService.log:173 -Starting service [Tomcat]
2023-06-13 10:08:03.344 INFO  [main]org.apache.catalina.core.StandardEngine.log:173 -Starting Servlet engine: [Apache Tomcat/9.0.63]
2023-06-13 10:08:03.429 INFO  [main]o.a.catalina.core.ContainerBase.[Tomcat].[localhost].[/].log:173 -Initializing Spring embedded WebApplicationContext
2023-06-13 10:08:03.429 INFO  [main]o.s.b.w.s.context.ServletWebServerApplicationContext.prepareWebApplicationContext:292 -Root WebApplicationContext: initialization completed in 1160 ms
2023-06-13 10:08:04.024 INFO  [main]org.apache.coyote.http11.Http11NioProtocol.log:173 -Starting ProtocolHandler ["http-nio-8082"]
2023-06-13 10:08:04.056 INFO  [main]o.s.boot.web.embedded.tomcat.TomcatWebServer.start:220 -Tomcat started on port(s): 8082 (http) with context path ''
2023-06-13 10:08:04.064 INFO  [main]com.aks.cateringinfosys.CateringInfoSysApplication.logStarted:61 -Started CateringInfoSysApplication in 2.227 seconds (JVM running for 3.095)
2023-06-13 10:08:15.830 INFO  [http-nio-8082-exec-4]o.a.catalina.core.ContainerBase.[Tomcat].[localhost].[/].log:173 -Initializing Spring DispatcherServlet 'dispatcherServlet'
2023-06-13 10:08:15.831 INFO  [http-nio-8082-exec-4]org.springframework.web.servlet.DispatcherServlet.initServletBean:525 -Initializing Servlet 'dispatcherServlet'
2023-06-13 10:08:15.832 INFO  [http-nio-8082-exec-4]org.springframework.web.servlet.DispatcherServlet.initServletBean:547 -Completed initialization in 1 ms
2023-06-13 10:08:15.870 INFO  [http-nio-8082-exec-4]com.aks.cateringinfosys.controller.IndexController.index:21 -首页登陆
2023-06-13 10:12:28.257 INFO  [main]com.aks.cateringinfosys.CateringInfoSysApplication.logStarting:55 -Starting CateringInfoSysApplication using Java 1.8.0_282 on LAPTOP-VMKTV1BL with PID 2580 (D:\JavaProject\SpringBoot\CateringInfoSys\target\classes started by an in D:\JavaProject\SpringBoot\CateringInfoSys)
2023-06-13 10:12:28.262 INFO  [main]com.aks.cateringinfosys.CateringInfoSysApplication.logStartupProfileInfo:634 -No active profile set, falling back to 1 default profile: "default"
2023-06-13 10:12:29.225 INFO  [main]o.s.boot.web.embedded.tomcat.TomcatWebServer.initialize:108 -Tomcat initialized with port(s): 8082 (http)
2023-06-13 10:12:29.231 INFO  [main]org.apache.coyote.http11.Http11NioProtocol.log:173 -Initializing ProtocolHandler ["http-nio-8082"]
2023-06-13 10:12:29.232 INFO  [main]org.apache.catalina.core.StandardService.log:173 -Starting service [Tomcat]
2023-06-13 10:12:29.232 INFO  [main]org.apache.catalina.core.StandardEngine.log:173 -Starting Servlet engine: [Apache Tomcat/9.0.63]
2023-06-13 10:12:29.298 INFO  [main]o.a.catalina.core.ContainerBase.[Tomcat].[localhost].[/].log:173 -Initializing Spring embedded WebApplicationContext
2023-06-13 10:12:29.299 INFO  [main]o.s.b.w.s.context.ServletWebServerApplicationContext.prepareWebApplicationContext:292 -Root WebApplicationContext: initialization completed in 988 ms
2023-06-13 10:12:29.818 INFO  [main]org.apache.coyote.http11.Http11NioProtocol.log:173 -Starting ProtocolHandler ["http-nio-8082"]
2023-06-13 10:12:29.829 INFO  [main]o.s.boot.web.embedded.tomcat.TomcatWebServer.start:220 -Tomcat started on port(s): 8082 (http) with context path ''
2023-06-13 10:12:29.836 INFO  [main]com.aks.cateringinfosys.CateringInfoSysApplication.logStarted:61 -Started CateringInfoSysApplication in 1.937 seconds (JVM running for 2.778)
2023-06-13 10:16:03.236 INFO  [main]com.aks.cateringinfosys.CateringInfoSysApplication.logStarting:55 -Starting CateringInfoSysApplication using Java 1.8.0_282 on LAPTOP-VMKTV1BL with PID 1520 (D:\JavaProject\SpringBoot\CateringInfoSys\target\classes started by an in D:\JavaProject\SpringBoot\CateringInfoSys)
2023-06-13 10:16:03.241 INFO  [main]com.aks.cateringinfosys.CateringInfoSysApplication.logStartupProfileInfo:634 -No active profile set, falling back to 1 default profile: "default"
2023-06-13 10:16:04.896 INFO  [main]o.s.boot.web.embedded.tomcat.TomcatWebServer.initialize:108 -Tomcat initialized with port(s): 8082 (http)
2023-06-13 10:16:04.905 INFO  [main]org.apache.coyote.http11.Http11NioProtocol.log:173 -Initializing ProtocolHandler ["http-nio-8082"]
2023-06-13 10:16:04.906 INFO  [main]org.apache.catalina.core.StandardService.log:173 -Starting service [Tomcat]
2023-06-13 10:16:04.906 INFO  [main]org.apache.catalina.core.StandardEngine.log:173 -Starting Servlet engine: [Apache Tomcat/9.0.63]
2023-06-13 10:16:04.978 INFO  [main]o.a.catalina.core.ContainerBase.[Tomcat].[localhost].[/].log:173 -Initializing Spring embedded WebApplicationContext
2023-06-13 10:16:04.979 INFO  [main]o.s.b.w.s.context.ServletWebServerApplicationContext.prepareWebApplicationContext:292 -Root WebApplicationContext: initialization completed in 1679 ms
2023-06-13 10:16:05.608 INFO  [main]org.apache.coyote.http11.Http11NioProtocol.log:173 -Starting ProtocolHandler ["http-nio-8082"]
2023-06-13 10:16:05.622 INFO  [main]o.s.boot.web.embedded.tomcat.TomcatWebServer.start:220 -Tomcat started on port(s): 8082 (http) with context path ''
2023-06-13 10:16:05.644 INFO  [main]com.aks.cateringinfosys.CateringInfoSysApplication.logStarted:61 -Started CateringInfoSysApplication in 2.851 seconds (JVM running for 3.26)
2023-06-13 10:16:05.683 INFO  [http-nio-8082-exec-1]o.a.catalina.core.ContainerBase.[Tomcat].[localhost].[/].log:173 -Initializing Spring DispatcherServlet 'dispatcherServlet'
2023-06-13 10:16:05.683 INFO  [http-nio-8082-exec-1]org.springframework.web.servlet.DispatcherServlet.initServletBean:525 -Initializing Servlet 'dispatcherServlet'
2023-06-13 10:16:05.684 INFO  [http-nio-8082-exec-1]org.springframework.web.servlet.DispatcherServlet.initServletBean:547 -Completed initialization in 1 ms
2023-06-13 10:16:05.705 INFO  [http-nio-8082-exec-1]com.aks.cateringinfosys.controller.IndexController.index:21 -首页登陆
2023-06-13 10:16:10.529 INFO  [http-nio-8082-exec-3]com.aks.cateringinfosys.controller.IndexController.index:21 -首页登陆
2023-06-13 10:16:10.877 INFO  [http-nio-8082-exec-2]com.aks.cateringinfosys.controller.IndexController.index:21 -首页登陆
2023-06-13 10:16:11.067 INFO  [http-nio-8082-exec-4]com.aks.cateringinfosys.controller.IndexController.index:21 -首页登陆
2023-06-13 10:16:11.258 INFO  [http-nio-8082-exec-5]com.aks.cateringinfosys.controller.IndexController.index:21 -首页登陆
2023-06-13 12:37:13.494 INFO  [main]o.s.boot.test.context.SpringBootTestContextBootstrapper.buildDefaultMergedContextConfiguration:305 -Neither @ContextConfiguration nor @ContextHierarchy found for test class [com.aks.cateringinfosys.CateringInfoSysApplicationTests], using SpringBootContextLoader
2023-06-13 12:37:13.503 INFO  [main]o.s.test.context.support.AbstractContextLoader.generateDefaultLocations:264 -Could not detect default resource locations for test class [com.aks.cateringinfosys.CateringInfoSysApplicationTests]: no resource found for suffixes {-context.xml, Context.groovy}.
2023-06-13 12:37:13.505 INFO  [main]o.s.t.context.support.AnnotationConfigContextLoaderUtils.detectDefaultConfigurationClasses:83 -Could not detect default configuration classes for test class [com.aks.cateringinfosys.CateringInfoSysApplicationTests]: CateringInfoSysApplicationTests does not declare any static, non-private, non-final, nested classes annotated with @Configuration.
2023-06-13 12:37:13.651 INFO  [main]o.s.boot.test.context.SpringBootTestContextBootstrapper.getOrFindConfigurationClasses:238 -Found @SpringBootConfiguration com.aks.cateringinfosys.CateringInfoSysApplication for test class com.aks.cateringinfosys.CateringInfoSysApplicationTests
2023-06-13 12:37:13.812 INFO  [main]o.s.boot.test.context.SpringBootTestContextBootstrapper.getDefaultTestExecutionListenerClassNames:245 -Loaded default TestExecutionListener class names from location [META-INF/spring.factories]: [org.springframework.boot.test.mock.mockito.MockitoTestExecutionListener, org.springframework.boot.test.mock.mockito.ResetMocksTestExecutionListener, org.springframework.boot.test.autoconfigure.restdocs.RestDocsTestExecutionListener, org.springframework.boot.test.autoconfigure.web.client.MockRestServiceServerResetTestExecutionListener, org.springframework.boot.test.autoconfigure.web.servlet.MockMvcPrintOnlyOnFailureTestExecutionListener, org.springframework.boot.test.autoconfigure.web.servlet.WebDriverTestExecutionListener, org.springframework.boot.test.autoconfigure.webservices.client.MockWebServiceServerTestExecutionListener, org.springframework.test.context.web.ServletTestExecutionListener, org.springframework.test.context.support.DirtiesContextBeforeModesTestExecutionListener, org.springframework.test.context.event.ApplicationEventsTestExecutionListener, org.springframework.test.context.support.DependencyInjectionTestExecutionListener, org.springframework.test.context.support.DirtiesContextTestExecutionListener, org.springframework.test.context.transaction.TransactionalTestExecutionListener, org.springframework.test.context.jdbc.SqlScriptsTestExecutionListener, org.springframework.test.context.event.EventPublishingTestExecutionListener]
2023-06-13 12:37:13.835 INFO  [main]o.s.boot.test.context.SpringBootTestContextBootstrapper.getTestExecutionListeners:174 -Using TestExecutionListeners: [org.springframework.test.context.web.ServletTestExecutionListener@c8f6311, org.springframework.test.context.support.DirtiesContextBeforeModesTestExecutionListener@b6f8a101, org.springframework.test.context.event.ApplicationEventsTestExecutionListener@ae102e92, org.springframework.boot.test.mock.mockito.MockitoTestExecutionListener@9c55228e, org.springframework.boot.test.autoconfigure.SpringBootDependencyInjectionTestExecutionListener@9b652537, org.springframework.test.context.support.DirtiesContextTestExecutionListener@2dcd9b09, org.springframework.test.context.transaction.TransactionalTestExecutionListener@c8187a8f, org.springframework.test.context.jdbc.SqlScriptsTestExecutionListener@20e0ce7, org.springframework.test.context.event.EventPublishingTestExecutionListener@8a30f63c, org.springframework.boot.test.mock.mockito.ResetMocksTestExecutionListener@1f13977c, org.springframework.boot.test.autoconfigure.restdocs.RestDocsTestExecutionListener@be5e0c7d, org.springframework.boot.test.autoconfigure.web.client.MockRestServiceServerResetTestExecutionListener@d61d78de, org.springframework.boot.test.autoconfigure.web.servlet.MockMvcPrintOnlyOnFailureTestExecutionListener@d3588890, org.springframework.boot.test.autoconfigure.web.servlet.WebDriverTestExecutionListener@e9957be6, org.springframework.boot.test.autoconfigure.webservices.client.MockWebServiceServerTestExecutionListener@5b89af59]
2023-06-13 12:37:14.205 INFO  [main]com.aks.cateringinfosys.CateringInfoSysApplicationTests.logStarting:55 -Starting CateringInfoSysApplicationTests using Java 1.8.0_282 on LAPTOP-VMKTV1BL with PID 21436 (started by an in D:\JavaProject\SpringBoot\CateringInfoSys)
2023-06-13 12:37:14.206 INFO  [main]com.aks.cateringinfosys.CateringInfoSysApplicationTests.logStartupProfileInfo:634 -No active profile set, falling back to 1 default profile: "default"
2023-06-13 12:37:14.914 INFO  [main]o.s.d.repository.config.RepositoryConfigurationDelegate.multipleStoresDetected:262 -Multiple Spring Data modules found, entering strict repository configuration mode!
2023-06-13 12:37:14.918 INFO  [main]o.s.d.repository.config.RepositoryConfigurationDelegate.registerRepositoriesIn:132 -Bootstrapping Spring Data Redis repositories in DEFAULT mode.
2023-06-13 12:37:14.954 INFO  [main]o.s.d.repository.config.RepositoryConfigurationDelegate.registerRepositoriesIn:201 -Finished Spring Data repository scanning in 8 ms. Found 0 Redis repository interfaces.
2023-06-13 12:37:17.396 INFO  [main]com.aks.cateringinfosys.CateringInfoSysApplicationTests.logStarted:61 -Started CateringInfoSysApplicationTests in 3.509 seconds (JVM running for 4.61)
2023-06-13 17:15:03.935 INFO  [main]o.s.boot.test.context.SpringBootTestContextBootstrapper.buildDefaultMergedContextConfiguration:305 -Neither @ContextConfiguration nor @ContextHierarchy found for test class [com.aks.cateringinfosys.CateringInfoSysApplicationTests], using SpringBootContextLoader
2023-06-13 17:15:03.945 INFO  [main]o.s.test.context.support.AbstractContextLoader.generateDefaultLocations:264 -Could not detect default resource locations for test class [com.aks.cateringinfosys.CateringInfoSysApplicationTests]: no resource found for suffixes {-context.xml, Context.groovy}.
2023-06-13 17:15:03.946 INFO  [main]o.s.t.context.support.AnnotationConfigContextLoaderUtils.detectDefaultConfigurationClasses:83 -Could not detect default configuration classes for test class [com.aks.cateringinfosys.CateringInfoSysApplicationTests]: CateringInfoSysApplicationTests does not declare any static, non-private, non-final, nested classes annotated with @Configuration.
2023-06-13 17:15:04.068 INFO  [main]o.s.boot.test.context.SpringBootTestContextBootstrapper.getOrFindConfigurationClasses:238 -Found @SpringBootConfiguration com.aks.cateringinfosys.CateringInfoSysApplication for test class com.aks.cateringinfosys.CateringInfoSysApplicationTests
2023-06-13 17:15:04.193 INFO  [main]o.s.boot.test.context.SpringBootTestContextBootstrapper.getDefaultTestExecutionListenerClassNames:245 -Loaded default TestExecutionListener class names from location [META-INF/spring.factories]: [org.springframework.boot.test.mock.mockito.MockitoTestExecutionListener, org.springframework.boot.test.mock.mockito.ResetMocksTestExecutionListener, org.springframework.boot.test.autoconfigure.restdocs.RestDocsTestExecutionListener, org.springframework.boot.test.autoconfigure.web.client.MockRestServiceServerResetTestExecutionListener, org.springframework.boot.test.autoconfigure.web.servlet.MockMvcPrintOnlyOnFailureTestExecutionListener, org.springframework.boot.test.autoconfigure.web.servlet.WebDriverTestExecutionListener, org.springframework.boot.test.autoconfigure.webservices.client.MockWebServiceServerTestExecutionListener, org.springframework.test.context.web.ServletTestExecutionListener, org.springframework.test.context.support.DirtiesContextBeforeModesTestExecutionListener, org.springframework.test.context.event.ApplicationEventsTestExecutionListener, org.springframework.test.context.support.DependencyInjectionTestExecutionListener, org.springframework.test.context.support.DirtiesContextTestExecutionListener, org.springframework.test.context.transaction.TransactionalTestExecutionListener, org.springframework.test.context.jdbc.SqlScriptsTestExecutionListener, org.springframework.test.context.event.EventPublishingTestExecutionListener]
2023-06-13 17:15:04.219 INFO  [main]o.s.boot.test.context.SpringBootTestContextBootstrapper.getTestExecutionListeners:174 -Using TestExecutionListeners: [org.springframework.test.context.web.ServletTestExecutionListener@cf629a76, org.springframework.test.context.support.DirtiesContextBeforeModesTestExecutionListener@3e443eea, org.springframework.test.context.event.ApplicationEventsTestExecutionListener@94962657, org.springframework.boot.test.mock.mockito.MockitoTestExecutionListener@6246f3b1, org.springframework.boot.test.autoconfigure.SpringBootDependencyInjectionTestExecutionListener@223f1a0a, org.springframework.test.context.support.DirtiesContextTestExecutionListener@4dfeb44e, org.springframework.test.context.transaction.TransactionalTestExecutionListener@55492c7d, org.springframework.test.context.jdbc.SqlScriptsTestExecutionListener@ca22e857, org.springframework.test.context.event.EventPublishingTestExecutionListener@6e1e52a7, org.springframework.boot.test.mock.mockito.ResetMocksTestExecutionListener@ebe2fa34, org.springframework.boot.test.autoconfigure.restdocs.RestDocsTestExecutionListener@7ea66610, org.springframework.boot.test.autoconfigure.web.client.MockRestServiceServerResetTestExecutionListener@db1c97fa, org.springframework.boot.test.autoconfigure.web.servlet.MockMvcPrintOnlyOnFailureTestExecutionListener@e47d9d0, org.springframework.boot.test.autoconfigure.web.servlet.WebDriverTestExecutionListener@43e315dd, org.springframework.boot.test.autoconfigure.webservices.client.MockWebServiceServerTestExecutionListener@9663bf3d]
2023-06-13 17:15:04.649 INFO  [main]com.aks.cateringinfosys.CateringInfoSysApplicationTests.logStarting:55 -Starting CateringInfoSysApplicationTests using Java 1.8.0_282 on LAPTOP-VMKTV1BL with PID 18180 (started by an in D:\JavaProject\SpringBoot\CateringInfoSys)
2023-06-13 17:15:04.651 INFO  [main]com.aks.cateringinfosys.CateringInfoSysApplicationTests.logStartupProfileInfo:634 -No active profile set, falling back to 1 default profile: "default"
2023-06-13 17:15:05.378 INFO  [main]o.s.d.repository.config.RepositoryConfigurationDelegate.multipleStoresDetected:262 -Multiple Spring Data modules found, entering strict repository configuration mode!
2023-06-13 17:15:05.382 INFO  [main]o.s.d.repository.config.RepositoryConfigurationDelegate.registerRepositoriesIn:132 -Bootstrapping Spring Data Redis repositories in DEFAULT mode.
2023-06-13 17:15:05.412 INFO  [main]o.s.d.repository.config.RepositoryConfigurationDelegate.registerRepositoriesIn:201 -Finished Spring Data repository scanning in 9 ms. Found 0 Redis repository interfaces.
2023-06-13 17:15:06.279 INFO  [main]o.s.b.a.logging.ConditionEvaluationReportLoggingListener.logMessage:136 -

Error starting ApplicationContext. To display the conditions report re-run your application with 'debug' enabled.
2023-06-13 17:16:13.170 INFO  [main]com.aks.cateringinfosys.CateringInfoSysApplication.logStarting:55 -Starting CateringInfoSysApplication using Java 1.8.0_282 on LAPTOP-VMKTV1BL with PID 1940 (D:\JavaProject\SpringBoot\CateringInfoSys\target\classes started by an in D:\JavaProject\SpringBoot\CateringInfoSys)
2023-06-13 17:16:13.175 INFO  [main]com.aks.cateringinfosys.CateringInfoSysApplication.logStartupProfileInfo:634 -No active profile set, falling back to 1 default profile: "default"
2023-06-13 17:16:13.755 INFO  [main]o.s.d.repository.config.RepositoryConfigurationDelegate.multipleStoresDetected:262 -Multiple Spring Data modules found, entering strict repository configuration mode!
2023-06-13 17:16:13.757 INFO  [main]o.s.d.repository.config.RepositoryConfigurationDelegate.registerRepositoriesIn:132 -Bootstrapping Spring Data Redis repositories in DEFAULT mode.
2023-06-13 17:16:13.776 INFO  [main]o.s.d.repository.config.RepositoryConfigurationDelegate.registerRepositoriesIn:201 -Finished Spring Data repository scanning in 7 ms. Found 0 Redis repository interfaces.
2023-06-13 17:16:14.359 INFO  [main]o.s.boot.web.embedded.tomcat.TomcatWebServer.initialize:108 -Tomcat initialized with port(s): 8082 (http)
2023-06-13 17:16:14.366 INFO  [main]org.apache.coyote.http11.Http11NioProtocol.log:173 -Initializing ProtocolHandler ["http-nio-8082"]
2023-06-13 17:16:14.367 INFO  [main]org.apache.catalina.core.StandardService.log:173 -Starting service [Tomcat]
2023-06-13 17:16:14.368 INFO  [main]org.apache.catalina.core.StandardEngine.log:173 -Starting Servlet engine: [Apache Tomcat/9.0.63]
2023-06-13 17:16:14.460 INFO  [main]o.a.catalina.core.ContainerBase.[Tomcat].[localhost].[/].log:173 -Initializing Spring embedded WebApplicationContext
2023-06-13 17:16:14.460 INFO  [main]o.s.b.w.s.context.ServletWebServerApplicationContext.prepareWebApplicationContext:292 -Root WebApplicationContext: initialization completed in 1232 ms
2023-06-13 17:16:14.733 INFO  [main]org.apache.catalina.core.StandardService.log:173 -Stopping service [Tomcat]
2023-06-13 17:16:14.789 INFO  [main]o.s.b.a.logging.ConditionEvaluationReportLoggingListener.logMessage:136 -

Error starting ApplicationContext. To display the conditions report re-run your application with 'debug' enabled.
2023-06-13 17:18:51.310 INFO  [main]com.aks.cateringinfosys.CateringInfoSysApplication.logStarting:55 -Starting CateringInfoSysApplication using Java 1.8.0_282 on LAPTOP-VMKTV1BL with PID 2696 (D:\JavaProject\SpringBoot\CateringInfoSys\target\classes started by an in D:\JavaProject\SpringBoot\CateringInfoSys)
2023-06-13 17:18:51.315 INFO  [main]com.aks.cateringinfosys.CateringInfoSysApplication.logStartupProfileInfo:634 -No active profile set, falling back to 1 default profile: "default"
2023-06-13 17:18:51.886 INFO  [main]o.s.d.repository.config.RepositoryConfigurationDelegate.multipleStoresDetected:262 -Multiple Spring Data modules found, entering strict repository configuration mode!
2023-06-13 17:18:51.888 INFO  [main]o.s.d.repository.config.RepositoryConfigurationDelegate.registerRepositoriesIn:132 -Bootstrapping Spring Data Redis repositories in DEFAULT mode.
2023-06-13 17:18:51.907 INFO  [main]o.s.d.repository.config.RepositoryConfigurationDelegate.registerRepositoriesIn:201 -Finished Spring Data repository scanning in 7 ms. Found 0 Redis repository interfaces.
2023-06-13 17:18:52.477 INFO  [main]o.s.boot.web.embedded.tomcat.TomcatWebServer.initialize:108 -Tomcat initialized with port(s): 8082 (http)
2023-06-13 17:18:52.483 INFO  [main]org.apache.coyote.http11.Http11NioProtocol.log:173 -Initializing ProtocolHandler ["http-nio-8082"]
2023-06-13 17:18:52.484 INFO  [main]org.apache.catalina.core.StandardService.log:173 -Starting service [Tomcat]
2023-06-13 17:18:52.484 INFO  [main]org.apache.catalina.core.StandardEngine.log:173 -Starting Servlet engine: [Apache Tomcat/9.0.63]
2023-06-13 17:18:52.558 INFO  [main]o.a.catalina.core.ContainerBase.[Tomcat].[localhost].[/].log:173 -Initializing Spring embedded WebApplicationContext
2023-06-13 17:18:52.559 INFO  [main]o.s.b.w.s.context.ServletWebServerApplicationContext.prepareWebApplicationContext:292 -Root WebApplicationContext: initialization completed in 1192 ms
2023-06-13 17:18:53.458 INFO  [main]org.apache.coyote.http11.Http11NioProtocol.log:173 -Starting ProtocolHandler ["http-nio-8082"]
2023-06-13 17:18:53.472 INFO  [main]o.s.boot.web.embedded.tomcat.TomcatWebServer.start:220 -Tomcat started on port(s): 8082 (http) with context path ''
2023-06-13 17:18:53.479 INFO  [main]com.aks.cateringinfosys.CateringInfoSysApplication.logStarted:61 -Started CateringInfoSysApplication in 2.533 seconds (JVM running for 3.432)
2023-06-13 17:19:07.816 INFO  [http-nio-8082-exec-1]o.a.catalina.core.ContainerBase.[Tomcat].[localhost].[/].log:173 -Initializing Spring DispatcherServlet 'dispatcherServlet'
2023-06-13 17:19:07.817 INFO  [http-nio-8082-exec-1]org.springframework.web.servlet.DispatcherServlet.initServletBean:525 -Initializing Servlet 'dispatcherServlet'
2023-06-13 17:19:07.819 INFO  [http-nio-8082-exec-1]org.springframework.web.servlet.DispatcherServlet.initServletBean:547 -Completed initialization in 1 ms
2023-06-13 17:19:07.856 INFO  [http-nio-8082-exec-1]com.aks.cateringinfosys.controller.IndexController.index:22 -首页登陆
2023-06-13 19:41:24.068 INFO  [main]com.aks.cateringinfosys.CateringInfoSysApplication.logStarting:55 -Starting CateringInfoSysApplication using Java 1.8.0_282 on LAPTOP-VMKTV1BL with PID 15540 (D:\JavaProject\SpringBoot\CateringInfoSys\target\classes started by an in D:\JavaProject\SpringBoot\CateringInfoSys)
2023-06-13 19:41:24.073 INFO  [main]com.aks.cateringinfosys.CateringInfoSysApplication.logStartupProfileInfo:634 -No active profile set, falling back to 1 default profile: "default"
2023-06-13 19:41:24.703 INFO  [main]o.s.d.repository.config.RepositoryConfigurationDelegate.multipleStoresDetected:262 -Multiple Spring Data modules found, entering strict repository configuration mode!
2023-06-13 19:41:24.705 INFO  [main]o.s.d.repository.config.RepositoryConfigurationDelegate.registerRepositoriesIn:132 -Bootstrapping Spring Data Redis repositories in DEFAULT mode.
2023-06-13 19:41:24.725 INFO  [main]o.s.d.repository.config.RepositoryConfigurationDelegate.registerRepositoriesIn:201 -Finished Spring Data repository scanning in 7 ms. Found 0 Redis repository interfaces.
2023-06-13 19:41:25.303 INFO  [main]o.s.boot.web.embedded.tomcat.TomcatWebServer.initialize:108 -Tomcat initialized with port(s): 8082 (http)
2023-06-13 19:41:25.310 INFO  [main]org.apache.coyote.http11.Http11NioProtocol.log:173 -Initializing ProtocolHandler ["http-nio-8082"]
2023-06-13 19:41:25.311 INFO  [main]org.apache.catalina.core.StandardService.log:173 -Starting service [Tomcat]
2023-06-13 19:41:25.311 INFO  [main]org.apache.catalina.core.StandardEngine.log:173 -Starting Servlet engine: [Apache Tomcat/9.0.63]
2023-06-13 19:41:25.381 INFO  [main]o.a.catalina.core.ContainerBase.[Tomcat].[localhost].[/].log:173 -Initializing Spring embedded WebApplicationContext
2023-06-13 19:41:25.382 INFO  [main]o.s.b.w.s.context.ServletWebServerApplicationContext.prepareWebApplicationContext:292 -Root WebApplicationContext: initialization completed in 1248 ms
2023-06-13 19:41:26.366 INFO  [main]org.apache.coyote.http11.Http11NioProtocol.log:173 -Starting ProtocolHandler ["http-nio-8082"]
2023-06-13 19:41:26.381 INFO  [main]o.s.boot.web.embedded.tomcat.TomcatWebServer.start:220 -Tomcat started on port(s): 8082 (http) with context path ''
2023-06-13 19:41:26.391 INFO  [main]com.aks.cateringinfosys.CateringInfoSysApplication.logStarted:61 -Started CateringInfoSysApplication in 2.706 seconds (JVM running for 3.59)
